# JRE version: OpenJDK Runtime Environment Zulu17.44+53-CA (17.0.8.1+1) (build 17.0.8.1+1-LTS)
# Java VM: OpenJDK 64-Bit Server VM Zulu17.44+53-CA (17.0.8.1+1-LTS, mixed mode, emulated-client, sharing, tiered, compressed oops, compressed class ptrs, g1 gc, windows-amd64)
GC Precious Log:
 CPUs: 12 total, 12 available
 Memory: 16301M
 Large Page Support: Disabled
 NUMA Support: Disabled
 Compressed Oops: Enabled (Zero based)
 Heap Region Size: 2M
 Heap Min Capacity: 8M
 Heap Initial Capacity: 256M
 Heap Max Capacity: 4076M
 Pre-touch: Disabled
 Parallel Workers: 10
 Concurrent Workers: 3
 Concurrent Refinement Workers: 10
 Periodic GC: Disabled
Heap:
 garbage-first heap   total 75776K, used 39173K [0x0000000701400000, 0x0000000800000000)
  region size 2048K, 13 young (26624K), 2 survivors (4096K)
 Metaspace       used 38035K, committed 38528K, reserved 1114112K
  class space    used 5170K, committed 5376K, reserved 1048576K
GC Heap History (18 events):
Event: 0.368 GC heap before
{Heap before GC invocations=0 (full 0):
 garbage-first heap   total 262144K, used 22528K [0x0000000701400000, 0x0000000800000000)
  region size 2048K, 11 young (22528K), 0 survivors (0K)
 Metaspace       used 6968K, committed 7168K, reserved 1114112K
  class space    used 898K, committed 1024K, reserved 1048576K
}
Event: 0.371 GC heap after
{Heap after GC invocations=1 (full 0):
 garbage-first heap   total 262144K, used 5461K [0x0000000701400000, 0x0000000800000000)
  region size 2048K, 2 young (4096K), 2 survivors (4096K)
 Metaspace       used 6968K, committed 7168K, reserved 1114112K
  class space    used 898K, committed 1024K, reserved 1048576K
}
Event: 0.610 GC heap before
{Heap before GC invocations=1 (full 0):
 garbage-first heap   total 262144K, used 30037K [0x0000000701400000, 0x0000000800000000)
  region size 2048K, 15 young (30720K), 2 survivors (4096K)
 Metaspace       used 12669K, committed 12928K, reserved 1114112K
  class space    used 1735K, committed 1856K, reserved 1048576K
}
Event: 0.613 GC heap after
{Heap after GC invocations=2 (full 0):
 garbage-first heap   total 262144K, used 7472K [0x0000000701400000, 0x0000000800000000)
  region size 2048K, 1 young (2048K), 1 survivors (2048K)
 Metaspace       used 12669K, committed 12928K, reserved 1114112K
  class space    used 1735K, committed 1856K, reserved 1048576K
}
Event: 1.014 GC heap before
{Heap before GC invocations=2 (full 0):
 garbage-first heap   total 262144K, used 70960K [0x0000000701400000, 0x0000000800000000)
  region size 2048K, 33 young (67584K), 1 survivors (2048K)
 Metaspace       used 21234K, committed 21568K, reserved 1114112K
  class space    used 2874K, committed 3008K, reserved 1048576K
}
Event: 1.017 GC heap after
{Heap after GC invocations=3 (full 0):
 garbage-first heap   total 262144K, used 11640K [0x0000000701400000, 0x0000000800000000)
  region size 2048K, 3 young (6144K), 3 survivors (6144K)
 Metaspace       used 21234K, committed 21568K, reserved 1114112K
  class space    used 2874K, committed 3008K, reserved 1048576K
}
Event: 1.198 GC heap before
{Heap before GC invocations=4 (full 0):
 garbage-first heap   total 49152K, used 34168K [0x0000000701400000, 0x0000000800000000)
  region size 2048K, 15 young (30720K), 3 survivors (6144K)
 Metaspace       used 24766K, committed 25216K, reserved 1114112K
  class space    used 3448K, committed 3648K, reserved 1048576K
}
Event: 1.203 GC heap after
{Heap after GC invocations=5 (full 0):
 garbage-first heap   total 49152K, used 13718K [0x0000000701400000, 0x0000000800000000)
  region size 2048K, 4 young (8192K), 4 survivors (8192K)
 Metaspace       used 24766K, committed 25216K, reserved 1114112K
  class space    used 3448K, committed 3648K, reserved 1048576K
}
Event: 1.220 GC heap before
{Heap before GC invocations=5 (full 0):
 garbage-first heap   total 49152K, used 15766K [0x0000000701400000, 0x0000000800000000)
  region size 2048K, 5 young (10240K), 4 survivors (8192K)
 Metaspace       used 24997K, committed 25408K, reserved 1114112K
  class space    used 3481K, committed 3648K, reserved 1048576K
}
Event: 1.224 GC heap after
{Heap after GC invocations=6 (full 0):
 garbage-first heap   total 49152K, used 14699K [0x0000000701400000, 0x0000000800000000)
  region size 2048K, 1 young (2048K), 1 survivors (2048K)
 Metaspace       used 24997K, committed 25408K, reserved 1114112K
  class space    used 3481K, committed 3648K, reserved 1048576K
}
Event: 1.365 GC heap before
{Heap before GC invocations=6 (full 0):
 garbage-first heap   total 49152K, used 29035K [0x0000000701400000, 0x0000000800000000)
  region size 2048K, 9 young (18432K), 1 survivors (2048K)
 Metaspace       used 27624K, committed 28096K, reserved 1114112K
  class space    used 3804K, committed 4032K, reserved 1048576K
}
Event: 1.366 GC heap after
{Heap after GC invocations=7 (full 0):
 garbage-first heap   total 49152K, used 15110K [0x0000000701400000, 0x0000000800000000)
  region size 2048K, 1 young (2048K), 1 survivors (2048K)
 Metaspace       used 27624K, committed 28096K, reserved 1114112K
  class space    used 3804K, committed 4032K, reserved 1048576K
}
Event: 1.478 GC heap before
{Heap before GC invocations=7 (full 0):
 garbage-first heap   total 49152K, used 33542K [0x0000000701400000, 0x0000000800000000)
  region size 2048K, 10 young (20480K), 1 survivors (2048K)
 Metaspace       used 31601K, committed 32064K, reserved 1114112K
  class space    used 4316K, committed 4544K, reserved 1048576K
}
Event: 1.480 GC heap after
{Heap after GC invocations=8 (full 0):
 garbage-first heap   total 49152K, used 15988K [0x0000000701400000, 0x0000000800000000)
  region size 2048K, 2 young (4096K), 2 survivors (4096K)
 Metaspace       used 31601K, committed 32064K, reserved 1114112K
  class space    used 4316K, committed 4544K, reserved 1048576K
}
Event: 1.597 GC heap before
{Heap before GC invocations=8 (full 0):
 garbage-first heap   total 49152K, used 32372K [0x0000000701400000, 0x0000000800000000)
  region size 2048K, 10 young (20480K), 2 survivors (4096K)
 Metaspace       used 33633K, committed 34112K, reserved 1114112K
  class space    used 4590K, committed 4800K, reserved 1048576K
}
Event: 1.599 GC heap after
{Heap after GC invocations=9 (full 0):
 garbage-first heap   total 155648K, used 17447K [0x0000000701400000, 0x0000000800000000)
  region size 2048K, 2 young (4096K), 2 survivors (4096K)
 Metaspace       used 33633K, committed 34112K, reserved 1114112K
  class space    used 4590K, committed 4800K, reserved 1048576K
}
Event: 1.713 GC heap before
{Heap before GC invocations=9 (full 0):
 garbage-first heap   total 155648K, used 31783K [0x0000000701400000, 0x0000000800000000)
  region size 2048K, 10 young (20480K), 2 survivors (4096K)
 Metaspace       used 35520K, committed 35968K, reserved 1114112K
  class space    used 4842K, committed 5056K, reserved 1048576K
}
Event: 1.715 GC heap after
{Heap after GC invocations=10 (full 0):
 garbage-first heap   total 155648K, used 18693K [0x0000000701400000, 0x0000000800000000)
  region size 2048K, 2 young (4096K), 2 survivors (4096K)
 Metaspace       used 35520K, committed 35968K, reserved 1114112K
  class space    used 4842K, committed 5056K, reserved 1048576K
}

